<?xml version="1.0" encoding="UTF-8"?>
<!-- Generated by org.testng.reporters.JUnitReportReporter -->
<testsuite hostname="LAPTOP-VSD9VLCR" failures="0" tests="1" name="JPMavenGitHubJenkinsTest1pkg.JPTest1a_smk1" time="0.010" errors="0" timestamp="2023-03-30T11:50:49 EDT" skipped="0">
  <testcase classname="JPMavenGitHubJenkinsTest1pkg.JPTest1a_smk1" name="method1a" time="0.010"/>
  <system-out/>
</testsuite> <!-- JPMavenGitHubJenkinsTest1pkg.JPTest1a_smk1 -->
