<?xml version="1.0" encoding="UTF-8"?>
<!-- Generated by org.testng.reporters.JUnitReportReporter -->
<testsuite hostname="LAPTOP-VSD9VLCR" failures="0" tests="1" name="JPMavenGitHubJenkinsTest1pkg.JPTest1d_smk2" time="0.008" errors="0" timestamp="2023-03-30T11:51:16 EDT" skipped="0">
  <testcase classname="JPMavenGitHubJenkinsTest1pkg.JPTest1d_smk2" name="method1d" time="0.008"/>
  <system-out/>
</testsuite> <!-- JPMavenGitHubJenkinsTest1pkg.JPTest1d_smk2 -->
