<?xml version="1.0" encoding="UTF-8"?>
<!-- Generated by org.testng.reporters.JUnitReportReporter -->
<testsuite hostname="LAPTOP-VSD9VLCR" failures="0" tests="1" name="JPMavenGitHubJenkinsTest1pkg.JPTest1f_bothsmkreg2" time="0.009" errors="0" timestamp="2023-03-30T11:51:24 EDT" skipped="0">
  <testcase classname="JPMavenGitHubJenkinsTest1pkg.JPTest1f_bothsmkreg2" name="method1f" time="0.009"/>
  <system-out/>
</testsuite> <!-- JPMavenGitHubJenkinsTest1pkg.JPTest1f_bothsmkreg2 -->
